#cora
python main_infonce.py -dataset cora -ntrials 8 -sparse 0 -epochs 400 -cl_batch_size 0 -nlayers_proj 1 -maskfeat_rate_1 0.4 -maskfeat_rate_2 0.4 -dropedge_rate_1 0.4 -dropedge_rate_2 0.4 -dropnode_rate_1 0.0 -dropnode_rate_2 0.0 -lr 0.0005 -eval_freq 20 -alpha 1.0 -beta 0.0 -gamma 0.0 -emb_dim 256
Trial:0 | ACC:78.90 | ACC2:80.70
Trial:1 | ACC:81.80 | ACC2:82.00
Trial:2 | ACC:80.40 | ACC2:80.40
Trial:3 | ACC:79.20 | ACC2:80.00
Trial:4 | ACC:80.50 | ACC2:80.80
Trial:5 | ACC:82.50 | ACC2:82.50
Trial:6 | ACC:82.50 | ACC2:82.50
Trial:7 | ACC:80.00 | ACC2:80.60
[FINAL RESULT] Dataset:cora | Run:8 | ACC:80.72+-1.31 | ACC2:81.19+-0.93
time: 576.72 seconds

#citeseer
python main_infonce.py -dataset citeseer -ntrials 8 -sparse 0 -epochs 400 -cl_batch_size 0 -nlayers_proj 2 -maskfeat_rate_1 0.5 -maskfeat_rate_2 0.5 -dropedge_rate_1 0.5 -dropedge_rate_2 0.5 -dropnode_rate_1 0.0 -dropnode_rate_2 0.0 -lr 0.001 -eval_freq 10 -alpha 1.0 -beta 0.0 -gamma 0.0
Trial:0 | ACC:70.00 | ACC2:70.00
Trial:1 | ACC:70.40 | ACC2:71.10
Trial:2 | ACC:68.70 | ACC2:70.50
Trial:3 | ACC:69.50 | ACC2:69.70
Trial:4 | ACC:70.20 | ACC2:70.70
Trial:5 | ACC:70.40 | ACC2:71.80
Trial:6 | ACC:68.30 | ACC2:69.50
Trial:7 | ACC:71.20 | ACC2:71.20
[FINAL RESULT] Dataset:citeseer | Run:8 | ACC:69.84+-0.90 | ACC2:70.56+-0.74
time: 966.63 seconds

#cornell
python main_infonce.py -dataset cornell -ntrials 8 -sparse 0 -epochs 400 -nlayers_enc 2 -emb_dim 256 -nlayers_proj 2 -maskfeat_rate_1 0.1 -maskfeat_rate_2 0.1 -dropedge_rate_1 0.2 -dropedge_rate_2 0.2 -dropnode_rate_1 0.0 -dropnode_rate_2 0.0 -lr 0.001 -eval_freq 10 -alpha 0.1 -beta 0.8 -gamma 0.1
Trial:0 | ACC:54.05 | ACC2:62.16
Trial:1 | ACC:56.76 | ACC2:64.86
Trial:2 | ACC:70.27 | ACC2:72.97
Trial:3 | ACC:64.86 | ACC2:67.57
Trial:4 | ACC:67.57 | ACC2:67.57
Trial:5 | ACC:56.76 | ACC2:67.57
Trial:6 | ACC:64.86 | ACC2:67.57
Trial:7 | ACC:64.86 | ACC2:67.57
[FINAL RESULT] Dataset:cornell | Run:8 | ACC:62.50+-5.48 | ACC2:67.23+-2.85
time: 269.69 seconds